2019-04-06 23:43:53.838 INFO  [restartedMain] com.portal.base.Application.logStarting:50 -Starting Application on DNC-01903241159 with PID 11076 (C:\Users\Administrator\Documents\workspace-spring-tool-suite-4-4.1.2.RELEASE\portal-parent\portal-base\target\classes started by Administrator in C:\Users\Administrator\Documents\workspace-spring-tool-suite-4-4.1.2.RELEASE\portal-parent\portal-base)
2019-04-06 23:43:53.841 INFO  [restartedMain] com.portal.base.Application.logStartupProfileInfo:675 -No active profile set, falling back to default profiles: default
2019-04-06 23:43:54.477 INFO  [restartedMain] o.s.boot.web.embedded.tomcat.TomcatWebServer.initialize:90 -Tomcat initialized with port(s): 8989 (http)
2019-04-06 23:43:54.499 INFO  [restartedMain] org.apache.catalina.core.StandardService.log:173 -Starting service [Tomcat]
2019-04-06 23:43:54.501 INFO  [restartedMain] org.apache.catalina.core.StandardEngine.log:173 -Starting Servlet engine: [Apache Tomcat/9.0.17]
2019-04-06 23:43:54.533 INFO  [restartedMain] o.a.catalina.core.ContainerBase.[Tomcat].[localhost].[/].log:173 -Initializing Spring embedded WebApplicationContext
2019-04-06 23:43:54.535 INFO  [restartedMain] org.springframework.web.context.ContextLoader.prepareWebApplicationContext:296 -Root WebApplicationContext: initialization completed in 690 ms
2019-04-06 23:43:54.731 INFO  [restartedMain] o.s.scheduling.concurrent.ThreadPoolTaskExecutor.initialize:171 -Initializing ExecutorService 'applicationTaskExecutor'
2019-04-06 23:43:54.844 INFO  [restartedMain] o.s.boot.devtools.autoconfigure.OptionalLiveReloadServer.startServer:57 -LiveReload server is running on port 35729
2019-04-06 23:43:54.848 INFO  [restartedMain] o.s.boot.actuate.endpoint.web.EndpointLinksResolver.<init>:59 -Exposing 2 endpoint(s) beneath base path '/actuator'
2019-04-06 23:43:54.878 INFO  [restartedMain] o.s.boot.web.embedded.tomcat.TomcatWebServer.start:204 -Tomcat started on port(s): 8989 (http) with context path ''
2019-04-06 23:43:54.879 INFO  [restartedMain] com.portal.base.Application.logStarted:59 -Started Application in 1.236 seconds (JVM running for 98.338)
2019-04-06 23:43:54.886 INFO  [restartedMain] o.s.b.d.a.ConditionEvaluationDeltaLoggingListener.onApplicationEvent:70 -Condition evaluation unchanged
2019-04-06 23:43:55.313 INFO  [RMI TCP Connection(1)-192.168.1.101] o.a.catalina.core.ContainerBase.[Tomcat].[localhost].[/].log:173 -Initializing Spring DispatcherServlet 'dispatcherServlet'
2019-04-06 23:43:55.315 INFO  [RMI TCP Connection(1)-192.168.1.101] org.springframework.web.servlet.DispatcherServlet.initServletBean:524 -Initializing Servlet 'dispatcherServlet'
2019-04-06 23:43:55.318 INFO  [RMI TCP Connection(1)-192.168.1.101] org.springframework.web.servlet.DispatcherServlet.initServletBean:546 -Completed initialization in 3 ms
2019-04-06 23:44:22.045 INFO  [Thread-17] o.s.scheduling.concurrent.ThreadPoolTaskExecutor.shutdown:208 -Shutting down ExecutorService 'applicationTaskExecutor'
2019-04-06 23:44:22.448 INFO  [restartedMain] com.portal.base.Application.logStarting:50 -Starting Application on DNC-01903241159 with PID 11076 (C:\Users\Administrator\Documents\workspace-spring-tool-suite-4-4.1.2.RELEASE\portal-parent\portal-base\target\classes started by Administrator in C:\Users\Administrator\Documents\workspace-spring-tool-suite-4-4.1.2.RELEASE\portal-parent\portal-base)
2019-04-06 23:44:22.449 INFO  [restartedMain] com.portal.base.Application.logStartupProfileInfo:675 -No active profile set, falling back to default profiles: default
2019-04-06 23:44:23.115 INFO  [restartedMain] o.s.boot.web.embedded.tomcat.TomcatWebServer.initialize:90 -Tomcat initialized with port(s): 8989 (http)
2019-04-06 23:44:23.117 INFO  [restartedMain] org.apache.catalina.core.StandardService.log:173 -Starting service [Tomcat]
2019-04-06 23:44:23.117 INFO  [restartedMain] org.apache.catalina.core.StandardEngine.log:173 -Starting Servlet engine: [Apache Tomcat/9.0.17]
2019-04-06 23:44:23.145 INFO  [restartedMain] o.a.catalina.core.ContainerBase.[Tomcat].[localhost].[/].log:173 -Initializing Spring embedded WebApplicationContext
2019-04-06 23:44:23.146 INFO  [restartedMain] org.springframework.web.context.ContextLoader.prepareWebApplicationContext:296 -Root WebApplicationContext: initialization completed in 692 ms
2019-04-06 23:44:23.298 INFO  [restartedMain] o.s.scheduling.concurrent.ThreadPoolTaskExecutor.initialize:171 -Initializing ExecutorService 'applicationTaskExecutor'
2019-04-06 23:44:23.405 INFO  [restartedMain] o.s.boot.devtools.autoconfigure.OptionalLiveReloadServer.startServer:57 -LiveReload server is running on port 35729
2019-04-06 23:44:23.409 INFO  [restartedMain] o.s.boot.actuate.endpoint.web.EndpointLinksResolver.<init>:59 -Exposing 2 endpoint(s) beneath base path '/actuator'
2019-04-06 23:44:23.437 INFO  [restartedMain] o.s.boot.web.embedded.tomcat.TomcatWebServer.start:204 -Tomcat started on port(s): 8989 (http) with context path ''
2019-04-06 23:44:23.438 INFO  [restartedMain] com.portal.base.Application.logStarted:59 -Started Application in 1.076 seconds (JVM running for 126.897)
2019-04-06 23:44:23.443 INFO  [restartedMain] o.s.b.d.a.ConditionEvaluationDeltaLoggingListener.onApplicationEvent:70 -Condition evaluation unchanged
2019-04-06 23:44:26.090 INFO  [RMI TCP Connection(1)-192.168.1.101] o.a.catalina.core.ContainerBase.[Tomcat].[localhost].[/].log:173 -Initializing Spring DispatcherServlet 'dispatcherServlet'
2019-04-06 23:44:26.091 INFO  [RMI TCP Connection(1)-192.168.1.101] org.springframework.web.servlet.DispatcherServlet.initServletBean:524 -Initializing Servlet 'dispatcherServlet'
2019-04-06 23:44:26.094 INFO  [RMI TCP Connection(1)-192.168.1.101] org.springframework.web.servlet.DispatcherServlet.initServletBean:546 -Completed initialization in 3 ms
2019-04-06 23:45:10.064 INFO  [Thread-23] o.s.scheduling.concurrent.ThreadPoolTaskExecutor.shutdown:208 -Shutting down ExecutorService 'applicationTaskExecutor'
2019-04-06 23:45:10.500 INFO  [restartedMain] com.portal.base.Application.logStarting:50 -Starting Application on DNC-01903241159 with PID 11076 (C:\Users\Administrator\Documents\workspace-spring-tool-suite-4-4.1.2.RELEASE\portal-parent\portal-base\target\classes started by Administrator in C:\Users\Administrator\Documents\workspace-spring-tool-suite-4-4.1.2.RELEASE\portal-parent\portal-base)
2019-04-06 23:45:10.501 INFO  [restartedMain] com.portal.base.Application.logStartupProfileInfo:675 -No active profile set, falling back to default profiles: default
2019-04-06 23:45:11.129 INFO  [restartedMain] o.s.boot.web.embedded.tomcat.TomcatWebServer.initialize:90 -Tomcat initialized with port(s): 8989 (http)
2019-04-06 23:45:11.132 INFO  [restartedMain] org.apache.catalina.core.StandardService.log:173 -Starting service [Tomcat]
2019-04-06 23:45:11.133 INFO  [restartedMain] org.apache.catalina.core.StandardEngine.log:173 -Starting Servlet engine: [Apache Tomcat/9.0.17]
2019-04-06 23:45:11.162 INFO  [restartedMain] o.a.catalina.core.ContainerBase.[Tomcat].[localhost].[/].log:173 -Initializing Spring embedded WebApplicationContext
2019-04-06 23:45:11.163 INFO  [restartedMain] org.springframework.web.context.ContextLoader.prepareWebApplicationContext:296 -Root WebApplicationContext: initialization completed in 659 ms
2019-04-06 23:45:11.390 INFO  [restartedMain] o.s.scheduling.concurrent.ThreadPoolTaskExecutor.initialize:171 -Initializing ExecutorService 'applicationTaskExecutor'
2019-04-06 23:45:11.533 INFO  [restartedMain] o.s.boot.devtools.autoconfigure.OptionalLiveReloadServer.startServer:57 -LiveReload server is running on port 35729
2019-04-06 23:45:11.540 INFO  [restartedMain] o.s.boot.actuate.endpoint.web.EndpointLinksResolver.<init>:59 -Exposing 2 endpoint(s) beneath base path '/actuator'
2019-04-06 23:45:11.571 INFO  [restartedMain] o.s.boot.web.embedded.tomcat.TomcatWebServer.start:204 -Tomcat started on port(s): 8989 (http) with context path ''
2019-04-06 23:45:11.572 INFO  [restartedMain] com.portal.base.Application.logStarted:59 -Started Application in 1.182 seconds (JVM running for 175.029)
2019-04-06 23:45:11.575 INFO  [restartedMain] o.s.b.d.a.ConditionEvaluationDeltaLoggingListener.onApplicationEvent:70 -Condition evaluation unchanged
2019-04-06 23:45:15.091 INFO  [RMI TCP Connection(1)-192.168.1.101] o.a.catalina.core.ContainerBase.[Tomcat].[localhost].[/].log:173 -Initializing Spring DispatcherServlet 'dispatcherServlet'
2019-04-06 23:45:15.100 INFO  [RMI TCP Connection(1)-192.168.1.101] org.springframework.web.servlet.DispatcherServlet.initServletBean:524 -Initializing Servlet 'dispatcherServlet'
2019-04-06 23:45:15.106 INFO  [RMI TCP Connection(1)-192.168.1.101] org.springframework.web.servlet.DispatcherServlet.initServletBean:546 -Completed initialization in 4 ms
2019-04-06 23:45:48.925 INFO  [Thread-29] o.s.scheduling.concurrent.ThreadPoolTaskExecutor.shutdown:208 -Shutting down ExecutorService 'applicationTaskExecutor'
2019-04-06 23:45:49.412 INFO  [restartedMain] com.portal.base.Application.logStarting:50 -Starting Application on DNC-01903241159 with PID 11076 (C:\Users\Administrator\Documents\workspace-spring-tool-suite-4-4.1.2.RELEASE\portal-parent\portal-base\target\classes started by Administrator in C:\Users\Administrator\Documents\workspace-spring-tool-suite-4-4.1.2.RELEASE\portal-parent\portal-base)
2019-04-06 23:45:49.437 INFO  [restartedMain] com.portal.base.Application.logStartupProfileInfo:675 -No active profile set, falling back to default profiles: default
2019-04-06 23:45:49.958 INFO  [restartedMain] o.s.boot.web.embedded.tomcat.TomcatWebServer.initialize:90 -Tomcat initialized with port(s): 8989 (http)
2019-04-06 23:45:49.962 INFO  [restartedMain] org.apache.catalina.core.StandardService.log:173 -Starting service [Tomcat]
2019-04-06 23:45:49.963 INFO  [restartedMain] org.apache.catalina.core.StandardEngine.log:173 -Starting Servlet engine: [Apache Tomcat/9.0.17]
2019-04-06 23:45:49.991 INFO  [restartedMain] o.a.catalina.core.ContainerBase.[Tomcat].[localhost].[/].log:173 -Initializing Spring embedded WebApplicationContext
2019-04-06 23:45:49.993 INFO  [restartedMain] org.springframework.web.context.ContextLoader.prepareWebApplicationContext:296 -Root WebApplicationContext: initialization completed in 549 ms
2019-04-06 23:45:50.144 INFO  [restartedMain] o.s.scheduling.concurrent.ThreadPoolTaskExecutor.initialize:171 -Initializing ExecutorService 'applicationTaskExecutor'
2019-04-06 23:45:50.241 INFO  [restartedMain] o.s.boot.devtools.autoconfigure.OptionalLiveReloadServer.startServer:57 -LiveReload server is running on port 35729
2019-04-06 23:45:50.244 INFO  [restartedMain] o.s.boot.actuate.endpoint.web.EndpointLinksResolver.<init>:59 -Exposing 2 endpoint(s) beneath base path '/actuator'
2019-04-06 23:45:50.267 INFO  [restartedMain] o.s.boot.web.embedded.tomcat.TomcatWebServer.start:204 -Tomcat started on port(s): 8989 (http) with context path ''
2019-04-06 23:45:50.268 INFO  [restartedMain] com.portal.base.Application.logStarted:59 -Started Application in 0.963 seconds (JVM running for 213.725)
2019-04-06 23:45:50.272 INFO  [restartedMain] o.s.b.d.a.ConditionEvaluationDeltaLoggingListener.onApplicationEvent:70 -Condition evaluation unchanged
2019-04-06 23:45:51.946 INFO  [RMI TCP Connection(1)-192.168.1.101] o.a.catalina.core.ContainerBase.[Tomcat].[localhost].[/].log:173 -Initializing Spring DispatcherServlet 'dispatcherServlet'
2019-04-06 23:45:51.947 INFO  [RMI TCP Connection(1)-192.168.1.101] org.springframework.web.servlet.DispatcherServlet.initServletBean:524 -Initializing Servlet 'dispatcherServlet'
2019-04-06 23:45:51.955 INFO  [RMI TCP Connection(1)-192.168.1.101] org.springframework.web.servlet.DispatcherServlet.initServletBean:546 -Completed initialization in 7 ms
2019-04-06 23:47:00.387 INFO  [Thread-35] o.s.scheduling.concurrent.ThreadPoolTaskExecutor.shutdown:208 -Shutting down ExecutorService 'applicationTaskExecutor'
2019-04-06 23:47:01.008 INFO  [restartedMain] com.portal.base.Application.logStarting:50 -Starting Application on DNC-01903241159 with PID 11076 (C:\Users\Administrator\Documents\workspace-spring-tool-suite-4-4.1.2.RELEASE\portal-parent\portal-base\target\classes started by Administrator in C:\Users\Administrator\Documents\workspace-spring-tool-suite-4-4.1.2.RELEASE\portal-parent\portal-base)
2019-04-06 23:47:01.008 INFO  [restartedMain] com.portal.base.Application.logStartupProfileInfo:675 -No active profile set, falling back to default profiles: default
2019-04-06 23:47:01.694 INFO  [restartedMain] o.s.boot.web.embedded.tomcat.TomcatWebServer.initialize:90 -Tomcat initialized with port(s): 8989 (http)
2019-04-06 23:47:01.696 INFO  [restartedMain] org.apache.catalina.core.StandardService.log:173 -Starting service [Tomcat]
2019-04-06 23:47:01.697 INFO  [restartedMain] org.apache.catalina.core.StandardEngine.log:173 -Starting Servlet engine: [Apache Tomcat/9.0.17]
2019-04-06 23:47:01.720 INFO  [restartedMain] o.a.catalina.core.ContainerBase.[Tomcat].[localhost].[/].log:173 -Initializing Spring embedded WebApplicationContext
2019-04-06 23:47:01.722 INFO  [restartedMain] org.springframework.web.context.ContextLoader.prepareWebApplicationContext:296 -Root WebApplicationContext: initialization completed in 711 ms
2019-04-06 23:47:01.906 INFO  [restartedMain] o.s.scheduling.concurrent.ThreadPoolTaskExecutor.initialize:171 -Initializing ExecutorService 'applicationTaskExecutor'
2019-04-06 23:47:02.058 INFO  [restartedMain] o.s.boot.devtools.autoconfigure.OptionalLiveReloadServer.startServer:57 -LiveReload server is running on port 35729
2019-04-06 23:47:02.134 INFO  [restartedMain] o.s.boot.actuate.endpoint.web.EndpointLinksResolver.<init>:59 -Exposing 2 endpoint(s) beneath base path '/actuator'
2019-04-06 23:47:02.187 INFO  [restartedMain] o.s.boot.web.embedded.tomcat.TomcatWebServer.start:204 -Tomcat started on port(s): 8989 (http) with context path ''
2019-04-06 23:47:02.188 INFO  [restartedMain] com.portal.base.Application.logStarted:59 -Started Application in 1.349 seconds (JVM running for 285.643)
2019-04-06 23:47:02.191 INFO  [restartedMain] o.s.b.d.a.ConditionEvaluationDeltaLoggingListener.onApplicationEvent:70 -Condition evaluation unchanged
2019-04-06 23:47:06.010 INFO  [RMI TCP Connection(1)-192.168.1.101] o.a.catalina.core.ContainerBase.[Tomcat].[localhost].[/].log:173 -Initializing Spring DispatcherServlet 'dispatcherServlet'
2019-04-06 23:47:06.011 INFO  [RMI TCP Connection(1)-192.168.1.101] org.springframework.web.servlet.DispatcherServlet.initServletBean:524 -Initializing Servlet 'dispatcherServlet'
2019-04-06 23:47:06.016 INFO  [RMI TCP Connection(1)-192.168.1.101] org.springframework.web.servlet.DispatcherServlet.initServletBean:546 -Completed initialization in 5 ms
2019-04-06 23:49:50.546 INFO  [Thread-41] o.s.scheduling.concurrent.ThreadPoolTaskExecutor.shutdown:208 -Shutting down ExecutorService 'applicationTaskExecutor'
2019-04-06 23:49:50.853 INFO  [restartedMain] com.portal.base.Application.logStarting:50 -Starting Application on DNC-01903241159 with PID 11076 (C:\Users\Administrator\Documents\workspace-spring-tool-suite-4-4.1.2.RELEASE\portal-parent\portal-base\target\classes started by Administrator in C:\Users\Administrator\Documents\workspace-spring-tool-suite-4-4.1.2.RELEASE\portal-parent\portal-base)
2019-04-06 23:49:50.853 INFO  [restartedMain] com.portal.base.Application.logStartupProfileInfo:675 -No active profile set, falling back to default profiles: default
2019-04-06 23:49:51.406 INFO  [restartedMain] o.s.boot.web.embedded.tomcat.TomcatWebServer.initialize:90 -Tomcat initialized with port(s): 8989 (http)
2019-04-06 23:49:51.415 INFO  [restartedMain] org.apache.catalina.core.StandardService.log:173 -Starting service [Tomcat]
2019-04-06 23:49:51.416 INFO  [restartedMain] org.apache.catalina.core.StandardEngine.log:173 -Starting Servlet engine: [Apache Tomcat/9.0.17]
2019-04-06 23:49:51.451 INFO  [restartedMain] o.a.catalina.core.ContainerBase.[Tomcat].[localhost].[/].log:173 -Initializing Spring embedded WebApplicationContext
2019-04-06 23:49:51.452 INFO  [restartedMain] org.springframework.web.context.ContextLoader.prepareWebApplicationContext:296 -Root WebApplicationContext: initialization completed in 596 ms
2019-04-06 23:49:51.602 INFO  [restartedMain] o.s.scheduling.concurrent.ThreadPoolTaskExecutor.initialize:171 -Initializing ExecutorService 'applicationTaskExecutor'
2019-04-06 23:49:51.693 INFO  [restartedMain] o.s.boot.devtools.autoconfigure.OptionalLiveReloadServer.startServer:57 -LiveReload server is running on port 35729
2019-04-06 23:49:51.697 INFO  [restartedMain] o.s.boot.actuate.endpoint.web.EndpointLinksResolver.<init>:59 -Exposing 2 endpoint(s) beneath base path '/actuator'
2019-04-06 23:49:51.715 INFO  [restartedMain] o.s.boot.web.embedded.tomcat.TomcatWebServer.start:204 -Tomcat started on port(s): 8989 (http) with context path ''
2019-04-06 23:49:51.717 INFO  [restartedMain] com.portal.base.Application.logStarted:59 -Started Application in 0.93 seconds (JVM running for 455.168)
2019-04-06 23:49:51.719 INFO  [restartedMain] o.s.b.d.a.ConditionEvaluationDeltaLoggingListener.onApplicationEvent:70 -Condition evaluation unchanged
2019-04-06 23:49:52.032 INFO  [RMI TCP Connection(1)-192.168.1.101] o.a.catalina.core.ContainerBase.[Tomcat].[localhost].[/].log:173 -Initializing Spring DispatcherServlet 'dispatcherServlet'
2019-04-06 23:49:52.033 INFO  [RMI TCP Connection(1)-192.168.1.101] org.springframework.web.servlet.DispatcherServlet.initServletBean:524 -Initializing Servlet 'dispatcherServlet'
2019-04-06 23:49:52.037 INFO  [RMI TCP Connection(1)-192.168.1.101] org.springframework.web.servlet.DispatcherServlet.initServletBean:546 -Completed initialization in 3 ms
2019-04-06 23:52:22.397 INFO  [Thread-47] o.s.scheduling.concurrent.ThreadPoolTaskExecutor.shutdown:208 -Shutting down ExecutorService 'applicationTaskExecutor'
2019-04-06 23:52:23.327 INFO  [restartedMain] com.portal.base.Application.logStarting:50 -Starting Application on DNC-01903241159 with PID 11076 (C:\Users\Administrator\Documents\workspace-spring-tool-suite-4-4.1.2.RELEASE\portal-parent\portal-base\target\classes started by Administrator in C:\Users\Administrator\Documents\workspace-spring-tool-suite-4-4.1.2.RELEASE\portal-parent\portal-base)
2019-04-06 23:52:23.327 INFO  [restartedMain] com.portal.base.Application.logStartupProfileInfo:675 -No active profile set, falling back to default profiles: default
2019-04-06 23:52:25.259 INFO  [restartedMain] o.s.boot.web.embedded.tomcat.TomcatWebServer.initialize:90 -Tomcat initialized with port(s): 8989 (http)
2019-04-06 23:52:25.262 INFO  [restartedMain] org.apache.catalina.core.StandardService.log:173 -Starting service [Tomcat]
2019-04-06 23:52:25.262 INFO  [restartedMain] org.apache.catalina.core.StandardEngine.log:173 -Starting Servlet engine: [Apache Tomcat/9.0.17]
2019-04-06 23:52:25.329 INFO  [restartedMain] o.a.catalina.core.ContainerBase.[Tomcat].[localhost].[/].log:173 -Initializing Spring embedded WebApplicationContext
2019-04-06 23:52:25.329 INFO  [restartedMain] org.springframework.web.context.ContextLoader.prepareWebApplicationContext:296 -Root WebApplicationContext: initialization completed in 1998 ms
2019-04-06 23:52:25.678 INFO  [restartedMain] o.s.scheduling.concurrent.ThreadPoolTaskExecutor.initialize:171 -Initializing ExecutorService 'applicationTaskExecutor'
2019-04-06 23:52:25.880 INFO  [restartedMain] o.s.boot.devtools.autoconfigure.OptionalLiveReloadServer.startServer:57 -LiveReload server is running on port 35729
2019-04-06 23:52:25.890 INFO  [restartedMain] o.s.boot.actuate.endpoint.web.EndpointLinksResolver.<init>:59 -Exposing 2 endpoint(s) beneath base path '/actuator'
2019-04-06 23:52:25.932 INFO  [restartedMain] o.s.boot.web.embedded.tomcat.TomcatWebServer.start:204 -Tomcat started on port(s): 8989 (http) with context path ''
2019-04-06 23:52:25.933 INFO  [restartedMain] com.portal.base.Application.logStarted:59 -Started Application in 3.06 seconds (JVM running for 609.381)
2019-04-06 23:52:25.936 INFO  [restartedMain] o.s.b.d.a.ConditionEvaluationDeltaLoggingListener.onApplicationEvent:70 -Condition evaluation unchanged
2019-04-06 23:52:30.092 INFO  [RMI TCP Connection(1)-192.168.1.101] o.a.catalina.core.ContainerBase.[Tomcat].[localhost].[/].log:173 -Initializing Spring DispatcherServlet 'dispatcherServlet'
2019-04-06 23:52:30.094 INFO  [RMI TCP Connection(1)-192.168.1.101] org.springframework.web.servlet.DispatcherServlet.initServletBean:524 -Initializing Servlet 'dispatcherServlet'
2019-04-06 23:52:30.096 INFO  [RMI TCP Connection(1)-192.168.1.101] org.springframework.web.servlet.DispatcherServlet.initServletBean:546 -Completed initialization in 2 ms
